<?xml version="1.0" encoding="UTF-8"?>
<!-- Generated by org.testng.reporters.JUnitReportReporter -->
<testsuite hostname="DESKTOP-FFK6AU3" failures="0" tests="1" name="testCases.Naukri_TestCases" time="105.169" errors="0" timestamp="2024-10-03T17:43:11 IST" skipped="0">
  <testcase classname="testCases.Naukri_TestCases" name="naukriTest" time="105.169"/>
  <system-out/>
</testsuite> <!-- testCases.Naukri_TestCases -->
